# JRE version: Java(TM) SE Runtime Environment (17.0.10+11) (build 17.0.10+11-LTS-240)
# Java VM: Java HotSpot(TM) 64-Bit Server VM (17.0.10+11-LTS-240, mixed mode, sharing, tiered, compressed oops, compressed class ptrs, g1 gc, windows-amd64)
GC Precious Log:
 CPUs: 12 total, 12 available
 Memory: 15520M
 Large Page Support: Disabled
 NUMA Support: Disabled
 Compressed Oops: Enabled (Zero based)
 Heap Region Size: 2M
 Heap Min Capacity: 8M
 Heap Initial Capacity: 244M
 Heap Max Capacity: 3882M
 Pre-touch: Disabled
 Parallel Workers: 10
 Concurrent Workers: 3
 Concurrent Refinement Workers: 10
 Periodic GC: Disabled
Heap:
 garbage-first heap   total 202752K, used 105776K [0x000000070d600000, 0x0000000800000000)
  region size 2048K, 24 young (49152K), 4 survivors (8192K)
 Metaspace       used 90262K, committed 91008K, reserved 1179648K
  class space    used 12403K, committed 12800K, reserved 1048576K
GC Heap History (20 events):
Event: 15.568 GC heap before
{Heap before GC invocations=16 (full 0):
 garbage-first heap   total 102400K, used 78246K [0x000000070d600000, 0x0000000800000000)
  region size 2048K, 24 young (49152K), 2 survivors (4096K)
 Metaspace       used 67124K, committed 67712K, reserved 1114112K
  class space    used 9087K, committed 9344K, reserved 1048576K
}
Event: 15.571 GC heap after
{Heap after GC invocations=17 (full 0):
 garbage-first heap   total 102400K, used 35303K [0x000000070d600000, 0x0000000800000000)
  region size 2048K, 2 young (4096K), 2 survivors (4096K)
 Metaspace       used 67124K, committed 67712K, reserved 1114112K
  class space    used 9087K, committed 9344K, reserved 1048576K
}
Event: 15.838 GC heap before
{Heap before GC invocations=17 (full 0):
 garbage-first heap   total 102400K, used 78311K [0x000000070d600000, 0x0000000800000000)
  region size 2048K, 23 young (47104K), 2 survivors (4096K)
 Metaspace       used 72394K, committed 73024K, reserved 1114112K
  class space    used 9873K, committed 10176K, reserved 1048576K
}
Event: 15.841 GC heap after
{Heap after GC invocations=18 (full 0):
 garbage-first heap   total 102400K, used 38299K [0x000000070d600000, 0x0000000800000000)
  region size 2048K, 3 young (6144K), 3 survivors (6144K)
 Metaspace       used 72394K, committed 73024K, reserved 1114112K
  class space    used 9873K, committed 10176K, reserved 1048576K
}
Event: 15.955 GC heap before
{Heap before GC invocations=18 (full 0):
 garbage-first heap   total 102400K, used 79259K [0x000000070d600000, 0x0000000800000000)
  region size 2048K, 23 young (47104K), 3 survivors (6144K)
 Metaspace       used 74029K, committed 74688K, reserved 1114112K
  class space    used 10223K, committed 10560K, reserved 1048576K
}
Event: 15.960 GC heap after
{Heap after GC invocations=19 (full 0):
 garbage-first heap   total 102400K, used 43844K [0x000000070d600000, 0x0000000800000000)
  region size 2048K, 3 young (6144K), 3 survivors (6144K)
 Metaspace       used 74029K, committed 74688K, reserved 1114112K
  class space    used 10223K, committed 10560K, reserved 1048576K
}
Event: 16.011 GC heap before
{Heap before GC invocations=19 (full 0):
 garbage-first heap   total 102400K, used 78660K [0x000000070d600000, 0x0000000800000000)
  region size 2048K, 20 young (40960K), 3 survivors (6144K)
 Metaspace       used 74063K, committed 74688K, reserved 1114112K
  class space    used 10223K, committed 10560K, reserved 1048576K
}
Event: 16.016 GC heap after
{Heap after GC invocations=20 (full 0):
 garbage-first heap   total 102400K, used 51046K [0x000000070d600000, 0x0000000800000000)
  region size 2048K, 3 young (6144K), 3 survivors (6144K)
 Metaspace       used 74063K, committed 74688K, reserved 1114112K
  class space    used 10223K, committed 10560K, reserved 1048576K
}
Event: 16.205 GC heap before
{Heap before GC invocations=20 (full 0):
 garbage-first heap   total 102400K, used 77670K [0x000000070d600000, 0x0000000800000000)
  region size 2048K, 16 young (32768K), 3 survivors (6144K)
 Metaspace       used 76363K, committed 77056K, reserved 1179648K
  class space    used 10523K, committed 10880K, reserved 1048576K
}
Event: 16.208 GC heap after
{Heap after GC invocations=21 (full 0):
 garbage-first heap   total 102400K, used 53942K [0x000000070d600000, 0x0000000800000000)
  region size 2048K, 2 young (4096K), 2 survivors (4096K)
 Metaspace       used 76363K, committed 77056K, reserved 1179648K
  class space    used 10523K, committed 10880K, reserved 1048576K
}
Event: 16.246 GC heap before
{Heap before GC invocations=22 (full 0):
 garbage-first heap   total 110592K, used 76470K [0x000000070d600000, 0x0000000800000000)
  region size 2048K, 13 young (26624K), 2 survivors (4096K)
 Metaspace       used 76405K, committed 77120K, reserved 1179648K
  class space    used 10529K, committed 10880K, reserved 1048576K
}
Event: 16.248 GC heap after
{Heap after GC invocations=23 (full 0):
 garbage-first heap   total 110592K, used 57339K [0x000000070d600000, 0x0000000800000000)
  region size 2048K, 2 young (4096K), 2 survivors (4096K)
 Metaspace       used 76405K, committed 77120K, reserved 1179648K
  class space    used 10529K, committed 10880K, reserved 1048576K
}
Event: 16.288 GC heap before
{Heap before GC invocations=23 (full 0):
 garbage-first heap   total 110592K, used 83963K [0x000000070d600000, 0x0000000800000000)
  region size 2048K, 15 young (30720K), 2 survivors (4096K)
 Metaspace       used 76467K, committed 77120K, reserved 1179648K
  class space    used 10550K, committed 10880K, reserved 1048576K
}
Event: 16.290 GC heap after
{Heap after GC invocations=24 (full 0):
 garbage-first heap   total 202752K, used 59202K [0x000000070d600000, 0x0000000800000000)
  region size 2048K, 1 young (2048K), 1 survivors (2048K)
 Metaspace       used 76467K, committed 77120K, reserved 1179648K
  class space    used 10550K, committed 10880K, reserved 1048576K
}
Event: 16.827 GC heap before
{Heap before GC invocations=25 (full 0):
 garbage-first heap   total 202752K, used 147266K [0x000000070d600000, 0x0000000800000000)
  region size 2048K, 44 young (90112K), 1 survivors (2048K)
 Metaspace       used 80703K, committed 81344K, reserved 1179648K
  class space    used 11066K, committed 11392K, reserved 1048576K
}
Event: 16.830 GC heap after
{Heap after GC invocations=26 (full 0):
 garbage-first heap   total 202752K, used 63857K [0x000000070d600000, 0x0000000800000000)
  region size 2048K, 4 young (8192K), 4 survivors (8192K)
 Metaspace       used 80703K, committed 81344K, reserved 1179648K
  class space    used 11066K, committed 11392K, reserved 1048576K
}
Event: 16.850 GC heap before
{Heap before GC invocations=26 (full 0):
 garbage-first heap   total 202752K, used 65905K [0x000000070d600000, 0x0000000800000000)
  region size 2048K, 5 young (10240K), 4 survivors (8192K)
 Metaspace       used 80896K, committed 81536K, reserved 1179648K
  class space    used 11087K, committed 11392K, reserved 1048576K
}
Event: 16.852 GC heap after
{Heap after GC invocations=27 (full 0):
 garbage-first heap   total 202752K, used 60510K [0x000000070d600000, 0x0000000800000000)
  region size 2048K, 1 young (2048K), 1 survivors (2048K)
 Metaspace       used 80896K, committed 81536K, reserved 1179648K
  class space    used 11087K, committed 11392K, reserved 1048576K
}
Event: 17.437 GC heap before
{Heap before GC invocations=27 (full 0):
 garbage-first heap   total 202752K, used 154718K [0x000000070d600000, 0x0000000800000000)
  region size 2048K, 47 young (96256K), 1 survivors (2048K)
 Metaspace       used 85520K, committed 86208K, reserved 1179648K
  class space    used 11776K, committed 12096K, reserved 1048576K
}
Event: 17.440 GC heap after
{Heap after GC invocations=28 (full 0):
 garbage-first heap   total 202752K, used 66864K [0x000000070d600000, 0x0000000800000000)
  region size 2048K, 4 young (8192K), 4 survivors (8192K)
 Metaspace       used 85520K, committed 86208K, reserved 1179648K
  class space    used 11776K, committed 12096K, reserved 1048576K
}

