# JRE version: Java(TM) SE Runtime Environment (17.0.10+11) (build 17.0.10+11-LTS-240)
# Java VM: Java HotSpot(TM) 64-Bit Server VM (17.0.10+11-LTS-240, mixed mode, sharing, tiered, compressed oops, compressed class ptrs, g1 gc, windows-amd64)
GC Precious Log:
 CPUs: 12 total, 12 available
 Memory: 15520M
 Large Page Support: Disabled
 NUMA Support: Disabled
 Compressed Oops: Enabled (Zero based)
 Heap Region Size: 2M
 Heap Min Capacity: 8M
 Heap Initial Capacity: 244M
 Heap Max Capacity: 3882M
 Pre-touch: Disabled
 Parallel Workers: 10
 Concurrent Workers: 3
 Concurrent Refinement Workers: 10
 Periodic GC: Disabled
Heap:
 garbage-first heap   total 141312K, used 68910K [0x000000070d600000, 0x0000000800000000)
  region size 2048K, 8 young (16384K), 3 survivors (6144K)
 Metaspace       used 95453K, committed 96256K, reserved 1179648K
  class space    used 13005K, committed 13376K, reserved 1048576K
GC Heap History (20 events):
Event: 3.914 GC heap before
{Heap before GC invocations=15 (full 0):
 garbage-first heap   total 96256K, used 74889K [0x000000070d600000, 0x0000000800000000)
  region size 2048K, 22 young (45056K), 2 survivors (4096K)
 Metaspace       used 71573K, committed 72128K, reserved 1114112K
  class space    used 9747K, committed 10048K, reserved 1048576K
}
Event: 3.918 GC heap after
{Heap after GC invocations=16 (full 0):
 garbage-first heap   total 96256K, used 37819K [0x000000070d600000, 0x0000000800000000)
  region size 2048K, 3 young (6144K), 3 survivors (6144K)
 Metaspace       used 71573K, committed 72128K, reserved 1114112K
  class space    used 9747K, committed 10048K, reserved 1048576K
}
Event: 4.038 GC heap before
{Heap before GC invocations=16 (full 0):
 garbage-first heap   total 96256K, used 74683K [0x000000070d600000, 0x0000000800000000)
  region size 2048K, 21 young (43008K), 3 survivors (6144K)
 Metaspace       used 73325K, committed 73920K, reserved 1114112K
  class space    used 10111K, committed 10368K, reserved 1048576K
}
Event: 4.041 GC heap after
{Heap after GC invocations=17 (full 0):
 garbage-first heap   total 116736K, used 39671K [0x000000070d600000, 0x0000000800000000)
  region size 2048K, 2 young (4096K), 2 survivors (4096K)
 Metaspace       used 73325K, committed 73920K, reserved 1114112K
  class space    used 10111K, committed 10368K, reserved 1048576K
}
Event: 4.209 GC heap before
{Heap before GC invocations=17 (full 0):
 garbage-first heap   total 116736K, used 88823K [0x000000070d600000, 0x0000000800000000)
  region size 2048K, 26 young (53248K), 2 survivors (4096K)
 Metaspace       used 73343K, committed 73920K, reserved 1114112K
  class space    used 10111K, committed 10368K, reserved 1048576K
}
Event: 4.211 GC heap after
{Heap after GC invocations=18 (full 0):
 garbage-first heap   total 116736K, used 40802K [0x000000070d600000, 0x0000000800000000)
  region size 2048K, 2 young (4096K), 2 survivors (4096K)
 Metaspace       used 73343K, committed 73920K, reserved 1114112K
  class space    used 10111K, committed 10368K, reserved 1048576K
}
Event: 4.421 GC heap before
{Heap before GC invocations=18 (full 0):
 garbage-first heap   total 116736K, used 92002K [0x000000070d600000, 0x0000000800000000)
  region size 2048K, 27 young (55296K), 2 survivors (4096K)
 Metaspace       used 76277K, committed 76928K, reserved 1179648K
  class space    used 10511K, committed 10816K, reserved 1048576K
}
Event: 4.424 GC heap after
{Heap after GC invocations=19 (full 0):
 garbage-first heap   total 116736K, used 43735K [0x000000070d600000, 0x0000000800000000)
  region size 2048K, 4 young (8192K), 4 survivors (8192K)
 Metaspace       used 76277K, committed 76928K, reserved 1179648K
  class space    used 10511K, committed 10816K, reserved 1048576K
}
Event: 4.543 GC heap before
{Heap before GC invocations=19 (full 0):
 garbage-first heap   total 116736K, used 90839K [0x000000070d600000, 0x0000000800000000)
  region size 2048K, 27 young (55296K), 4 survivors (8192K)
 Metaspace       used 76828K, committed 77376K, reserved 1179648K
  class space    used 10569K, committed 10816K, reserved 1048576K
}
Event: 4.546 GC heap after
{Heap after GC invocations=20 (full 0):
 garbage-first heap   total 116736K, used 44097K [0x000000070d600000, 0x0000000800000000)
  region size 2048K, 3 young (6144K), 3 survivors (6144K)
 Metaspace       used 76828K, committed 77376K, reserved 1179648K
  class space    used 10569K, committed 10816K, reserved 1048576K
}
Event: 4.841 GC heap before
{Heap before GC invocations=20 (full 0):
 garbage-first heap   total 116736K, used 91201K [0x000000070d600000, 0x0000000800000000)
  region size 2048K, 26 young (53248K), 3 survivors (6144K)
 Metaspace       used 79781K, committed 80448K, reserved 1179648K
  class space    used 10950K, committed 11264K, reserved 1048576K
}
Event: 4.844 GC heap after
{Heap after GC invocations=21 (full 0):
 garbage-first heap   total 141312K, used 47046K [0x000000070d600000, 0x0000000800000000)
  region size 2048K, 4 young (8192K), 4 survivors (8192K)
 Metaspace       used 79781K, committed 80448K, reserved 1179648K
  class space    used 10950K, committed 11264K, reserved 1048576K
}
Event: 5.368 GC heap before
{Heap before GC invocations=21 (full 0):
 garbage-first heap   total 141312K, used 112582K [0x000000070d600000, 0x0000000800000000)
  region size 2048K, 36 young (73728K), 4 survivors (8192K)
 Metaspace       used 82994K, committed 83648K, reserved 1179648K
  class space    used 11398K, committed 11712K, reserved 1048576K
}
Event: 5.372 GC heap after
{Heap after GC invocations=22 (full 0):
 garbage-first heap   total 141312K, used 51636K [0x000000070d600000, 0x0000000800000000)
  region size 2048K, 5 young (10240K), 5 survivors (10240K)
 Metaspace       used 82994K, committed 83648K, reserved 1179648K
  class space    used 11398K, committed 11712K, reserved 1048576K
}
Event: 5.793 GC heap before
{Heap before GC invocations=22 (full 0):
 garbage-first heap   total 141312K, used 113076K [0x000000070d600000, 0x0000000800000000)
  region size 2048K, 35 young (71680K), 5 survivors (10240K)
 Metaspace       used 86271K, committed 86912K, reserved 1179648K
  class space    used 11875K, committed 12160K, reserved 1048576K
}
Event: 5.798 GC heap after
{Heap after GC invocations=23 (full 0):
 garbage-first heap   total 141312K, used 55411K [0x000000070d600000, 0x0000000800000000)
  region size 2048K, 5 young (10240K), 5 survivors (10240K)
 Metaspace       used 86271K, committed 86912K, reserved 1179648K
  class space    used 11875K, committed 12160K, reserved 1048576K
}
Event: 11.851 GC heap before
{Heap before GC invocations=23 (full 0):
 garbage-first heap   total 141312K, used 112755K [0x000000070d600000, 0x0000000800000000)
  region size 2048K, 33 young (67584K), 5 survivors (10240K)
 Metaspace       used 94219K, committed 94976K, reserved 1179648K
  class space    used 12911K, committed 13248K, reserved 1048576K
}
Event: 11.856 GC heap after
{Heap after GC invocations=24 (full 0):
 garbage-first heap   total 141312K, used 59691K [0x000000070d600000, 0x0000000800000000)
  region size 2048K, 5 young (10240K), 5 survivors (10240K)
 Metaspace       used 94219K, committed 94976K, reserved 1179648K
  class space    used 12911K, committed 13248K, reserved 1048576K
}
Event: 12.118 GC heap before
{Heap before GC invocations=24 (full 0):
 garbage-first heap   total 141312K, used 110891K [0x000000070d600000, 0x0000000800000000)
  region size 2048K, 30 young (61440K), 5 survivors (10240K)
 Metaspace       used 95181K, committed 95936K, reserved 1179648K
  class space    used 12965K, committed 13312K, reserved 1048576K
}
Event: 12.122 GC heap after
{Heap after GC invocations=25 (full 0):
 garbage-first heap   total 141312K, used 60718K [0x000000070d600000, 0x0000000800000000)
  region size 2048K, 3 young (6144K), 3 survivors (6144K)
 Metaspace       used 95181K, committed 95936K, reserved 1179648K
  class space    used 12965K, committed 13312K, reserved 1048576K
}

